# JRE version: OpenJDK Runtime Environment (8.0_222-b10) (build 1.8.0_222-b10)
# Java VM: OpenJDK 64-Bit Server VM (25.222-b10 mixed mode bsd-amd64 compressed oops)
Heap:
 PSYoungGen      total 153088K, used 83321K [0x0000000795580000, 0x00000007a0000000, 0x00000007c0000000)
  eden space 131584K, 52% used [0x0000000795580000,0x00000007999173f0,0x000000079d600000)
  from space 21504K, 65% used [0x000000079eb00000,0x000000079f8c7038,0x00000007a0000000)
  to   space 21504K, 0% used [0x000000079d600000,0x000000079d600000,0x000000079eb00000)
 ParOldGen       total 349696K, used 96K [0x0000000740000000, 0x0000000755580000, 0x0000000795580000)
  object space 349696K, 0% used [0x0000000740000000,0x0000000740018010,0x0000000755580000)
 Metaspace       used 18339K, capacity 18604K, committed 18816K, reserved 1064960K
  class space    used 2294K, capacity 2395K, committed 2432K, reserved 1048576K
GC Heap History (4 events):
Event: 2.619 GC heap before
{Heap before GC invocations=1 (full 0):
 PSYoungGen      total 153088K, used 131584K [0x0000000795580000, 0x00000007a0000000, 0x00000007c0000000)
  eden space 131584K, 100% used [0x0000000795580000,0x000000079d600000,0x000000079d600000)
  from space 21504K, 0% used [0x000000079eb00000,0x000000079eb00000,0x00000007a0000000)
  to   space 21504K, 0% used [0x000000079d600000,0x000000079d600000,0x000000079eb00000)
 ParOldGen       total 349696K, used 0K [0x0000000740000000, 0x0000000755580000, 0x0000000795580000)
  object space 349696K, 0% used [0x0000000740000000,0x0000000740000000,0x0000000755580000)
 Metaspace       used 13921K, capacity 14108K, committed 14208K, reserved 1060864K
  class space    used 1844K, capacity 1902K, committed 1920K, reserved 1048576K
Event: 2.630 GC heap after
Heap after GC invocations=1 (full 0):
 PSYoungGen      total 153088K, used 10615K [0x0000000795580000, 0x00000007a0000000, 0x00000007c0000000)
  eden space 131584K, 0% used [0x0000000795580000,0x0000000795580000,0x000000079d600000)
  from space 21504K, 49% used [0x000000079d600000,0x000000079e05de08,0x000000079eb00000)
  to   space 21504K, 0% used [0x000000079eb00000,0x000000079eb00000,0x00000007a0000000)
 ParOldGen       total 349696K, used 80K [0x0000000740000000, 0x0000000755580000, 0x0000000795580000)
  object space 349696K, 0% used [0x0000000740000000,0x0000000740014010,0x0000000755580000)
 Metaspace       used 13921K, capacity 14108K, committed 14208K, reserved 1060864K
  class space    used 1844K, capacity 1902K, committed 1920K, reserved 1048576K
}
Event: 3.771 GC heap before
{Heap before GC invocations=2 (full 0):
 PSYoungGen      total 153088K, used 142199K [0x0000000795580000, 0x00000007a0000000, 0x00000007c0000000)
  eden space 131584K, 100% used [0x0000000795580000,0x000000079d600000,0x000000079d600000)
  from space 21504K, 49% used [0x000000079d600000,0x000000079e05de08,0x000000079eb00000)
  to   space 21504K, 0% used [0x000000079eb00000,0x000000079eb00000,0x00000007a0000000)
 ParOldGen       total 349696K, used 80K [0x0000000740000000, 0x0000000755580000, 0x0000000795580000)
  object space 349696K, 0% used [0x0000000740000000,0x0000000740014010,0x0000000755580000)
 Metaspace       used 17588K, capacity 17804K, committed 18048K, reserved 1064960K
  class space    used 2268K, capacity 2363K, committed 2432K, reserved 1048576K
Event: 3.784 GC heap after
Heap after GC invocations=2 (full 0):
 PSYoungGen      total 153088K, used 14108K [0x0000000795580000, 0x00000007a0000000, 0x00000007c0000000)
  eden space 131584K, 0% used [0x0000000795580000,0x0000000795580000,0x000000079d600000)
  from space 21504K, 65% used [0x000000079eb00000,0x000000079f8c7038,0x00000007a0000000)
  to   space 21504K, 0% used [0x000000079d600000,0x000000079d600000,0x000000079eb00000)
 ParOldGen       total 349696K, used 96K [0x0000000740000000, 0x0000000755580000, 0x0000000795580000)
  object space 349696K, 0% used [0x0000000740000000,0x0000000740018010,0x0000000755580000)
 Metaspace       used 17588K, capacity 17804K, committed 18048K, reserved 1064960K
  class space    used 2268K, capacity 2363K, committed 2432K, reserved 1048576K
}

