# JRE version: OpenJDK Runtime Environment Zulu15.40+19-CA (15.0.7+4) (build 15.0.7+4-MTS)
# Java VM: OpenJDK 64-Bit Server VM Zulu15.40+19-CA (15.0.7+4-MTS, mixed mode, tiered, compressed oops, parallel gc, bsd-aarch64)
GC Precious Log:
 CPUs: 10 total, 10 available
 Memory: 32768M
 Large Page Support: Disabled
 NUMA Support: Disabled
 Compressed Oops: Enabled (Zero based)
 Heap Min Capacity: 8M
 Heap Initial Capacity: 512M
 Heap Max Capacity: 2G
 Pre-touch: Disabled
 Parallel Workers: 9
Heap:
 PSYoungGen      total 153088K, used 19274K [0x0000000795580000, 0x00000007a0000000, 0x00000007c0000000)
  eden space 131584K, 14% used [0x0000000795580000,0x00000007968529a0,0x000000079d600000)
  from space 21504K, 0% used [0x000000079d600000,0x000000079d600000,0x000000079eb00000)
  to   space 21504K, 0% used [0x000000079eb00000,0x000000079eb00000,0x00000007a0000000)
 ParOldGen       total 349696K, used 7026K [0x0000000740000000, 0x0000000755580000, 0x0000000795580000)
  object space 349696K, 2% used [0x0000000740000000,0x00000007406dca28,0x0000000755580000)
 Metaspace       used 23503K, capacity 24019K, committed 24320K, reserved 1071104K
  class space    used 3071K, capacity 3222K, committed 3328K, reserved 1048576K
GC Heap History (4 events):
Event: 0.694 GC heap before
{Heap before GC invocations=1 (full 0):
 PSYoungGen      total 153088K, used 71781K [0x0000000795580000, 0x00000007a0000000, 0x00000007c0000000)
  eden space 131584K, 54% used [0x0000000795580000,0x0000000799b99458,0x000000079d600000)
  from space 21504K, 0% used [0x000000079eb00000,0x000000079eb00000,0x00000007a0000000)
  to   space 21504K, 0% used [0x000000079d600000,0x000000079d600000,0x000000079eb00000)
 ParOldGen       total 349696K, used 0K [0x0000000740000000, 0x0000000755580000, 0x0000000795580000)
  object space 349696K, 0% used [0x0000000740000000,0x0000000740000000,0x0000000755580000)
 Metaspace       used 20783K, capacity 21129K, committed 21248K, reserved 1067008K
  class space    used 2604K, capacity 2732K, committed 2816K, reserved 1048576K
}
Event: 0.699 GC heap after
{Heap after GC invocations=1 (full 0):
 PSYoungGen      total 153088K, used 7262K [0x0000000795580000, 0x00000007a0000000, 0x00000007c0000000)
  eden space 131584K, 0% used [0x0000000795580000,0x0000000795580000,0x000000079d600000)
  from space 21504K, 33% used [0x000000079d600000,0x000000079dd17970,0x000000079eb00000)
  to   space 21504K, 0% used [0x000000079eb00000,0x000000079eb00000,0x00000007a0000000)
 ParOldGen       total 349696K, used 24K [0x0000000740000000, 0x0000000755580000, 0x0000000795580000)
  object space 349696K, 0% used [0x0000000740000000,0x0000000740006000,0x0000000755580000)
 Metaspace       used 20783K, capacity 21129K, committed 21248K, reserved 1067008K
  class space    used 2604K, capacity 2732K, committed 2816K, reserved 1048576K
}
Event: 0.699 GC heap before
{Heap before GC invocations=2 (full 1):
 PSYoungGen      total 153088K, used 7262K [0x0000000795580000, 0x00000007a0000000, 0x00000007c0000000)
  eden space 131584K, 0% used [0x0000000795580000,0x0000000795580000,0x000000079d600000)
  from space 21504K, 33% used [0x000000079d600000,0x000000079dd17970,0x000000079eb00000)
  to   space 21504K, 0% used [0x000000079eb00000,0x000000079eb00000,0x00000007a0000000)
 ParOldGen       total 349696K, used 24K [0x0000000740000000, 0x0000000755580000, 0x0000000795580000)
  object space 349696K, 0% used [0x0000000740000000,0x0000000740006000,0x0000000755580000)
 Metaspace       used 20783K, capacity 21129K, committed 21248K, reserved 1067008K
  class space    used 2604K, capacity 2732K, committed 2816K, reserved 1048576K
}
Event: 0.709 GC heap after
{Heap after GC invocations=2 (full 1):
 PSYoungGen      total 153088K, used 0K [0x0000000795580000, 0x00000007a0000000, 0x00000007c0000000)
  eden space 131584K, 0% used [0x0000000795580000,0x0000000795580000,0x000000079d600000)
  from space 21504K, 0% used [0x000000079d600000,0x000000079d600000,0x000000079eb00000)
  to   space 21504K, 0% used [0x000000079eb00000,0x000000079eb00000,0x00000007a0000000)
 ParOldGen       total 349696K, used 7026K [0x0000000740000000, 0x0000000755580000, 0x0000000795580000)
  object space 349696K, 2% used [0x0000000740000000,0x00000007406dca28,0x0000000755580000)
 Metaspace       used 20783K, capacity 21129K, committed 21248K, reserved 1067008K
  class space    used 2604K, capacity 2732K, committed 2816K, reserved 1048576K
}

