# JRE version: OpenJDK Runtime Environment (8.0_322-b06) (build 1.8.0_322-b06)
# Java VM: OpenJDK 64-Bit Server VM (25.322-b06 mixed mode bsd-amd64 compressed oops)
Heap:
 PSYoungGen      total 560640K, used 77468K [0x0000000795580000, 0x00000007c0000000, 0x00000007c0000000)
  eden space 500224K, 3% used [0x0000000795580000,0x0000000796638828,0x00000007b3e00000)
  from space 60416K, 99% used [0x00000007b3e00000,0x00000007b78eeb98,0x00000007b7900000)
  to   space 100864K, 0% used [0x00000007b9d80000,0x00000007b9d80000,0x00000007c0000000)
 ParOldGen       total 175104K, used 48979K [0x0000000740000000, 0x000000074ab00000, 0x0000000795580000)
  object space 175104K, 27% used [0x0000000740000000,0x0000000742fd4cf8,0x000000074ab00000)
 Metaspace       used 66302K, capacity 71877K, committed 72152K, reserved 1112064K
  class space    used 8644K, capacity 9370K, committed 9472K, reserved 1048576K
GC Heap History (10 events):
Event: 37.292 GC heap before
{Heap before GC invocations=14 (full 3):
 PSYoungGen      total 614912K, used 614909K [0x0000000795580000, 0x00000007c0000000, 0x00000007c0000000)
  eden space 558592K, 100% used [0x0000000795580000,0x00000007b7700000,0x00000007b7700000)
  from space 56320K, 99% used [0x00000007bc900000,0x00000007bffff490,0x00000007c0000000)
  to   space 70144K, 0% used [0x00000007b7700000,0x00000007b7700000,0x00000007bbb80000)
 ParOldGen       total 175104K, used 39338K [0x0000000740000000, 0x000000074ab00000, 0x0000000795580000)
  object space 175104K, 22% used [0x0000000740000000,0x000000074266abb0,0x000000074ab00000)
 Metaspace       used 62563K, capacity 67527K, committed 67672K, reserved 1107968K
  class space    used 8156K, capacity 8812K, committed 8832K, reserved 1048576K
Event: 37.693 GC heap after
Heap after GC invocations=14 (full 3):
 PSYoungGen      total 623104K, used 64380K [0x0000000795580000, 0x00000007c0000000, 0x00000007c0000000)
  eden space 558592K, 0% used [0x0000000795580000,0x0000000795580000,0x00000007b7700000)
  from space 64512K, 99% used [0x00000007b7700000,0x00000007bb5df1d0,0x00000007bb600000)
  to   space 75776K, 0% used [0x00000007bb600000,0x00000007bb600000,0x00000007c0000000)
 ParOldGen       total 175104K, used 42880K [0x0000000740000000, 0x000000074ab00000, 0x0000000795580000)
  object space 175104K, 24% used [0x0000000740000000,0x00000007429e0298,0x000000074ab00000)
 Metaspace       used 62563K, capacity 67527K, committed 67672K, reserved 1107968K
  class space    used 8156K, capacity 8812K, committed 8832K, reserved 1048576K
}
Event: 40.789 GC heap before
{Heap before GC invocations=15 (full 3):
 PSYoungGen      total 623104K, used 622972K [0x0000000795580000, 0x00000007c0000000, 0x00000007c0000000)
  eden space 558592K, 100% used [0x0000000795580000,0x00000007b7700000,0x00000007b7700000)
  from space 64512K, 99% used [0x00000007b7700000,0x00000007bb5df1d0,0x00000007bb600000)
  to   space 75776K, 0% used [0x00000007bb600000,0x00000007bb600000,0x00000007c0000000)
 ParOldGen       total 175104K, used 42880K [0x0000000740000000, 0x000000074ab00000, 0x0000000795580000)
  object space 175104K, 24% used [0x0000000740000000,0x00000007429e0298,0x000000074ab00000)
 Metaspace       used 62663K, capacity 67667K, committed 67928K, reserved 1107968K
  class space    used 8157K, capacity 8814K, committed 8832K, reserved 1048576K
Event: 40.976 GC heap after
Heap after GC invocations=15 (full 3):
 PSYoungGen      total 594432K, used 72605K [0x0000000795580000, 0x00000007c0000000, 0x00000007c0000000)
  eden space 518656K, 0% used [0x0000000795580000,0x0000000795580000,0x00000007b5000000)
  from space 75776K, 95% used [0x00000007bb600000,0x00000007bfce76b8,0x00000007c0000000)
  to   space 90112K, 0% used [0x00000007b5000000,0x00000007b5000000,0x00000007ba800000)
 ParOldGen       total 175104K, used 43056K [0x0000000740000000, 0x000000074ab00000, 0x0000000795580000)
  object space 175104K, 24% used [0x0000000740000000,0x0000000742a0c2a8,0x000000074ab00000)
 Metaspace       used 62663K, capacity 67667K, committed 67928K, reserved 1107968K
  class space    used 8157K, capacity 8814K, committed 8832K, reserved 1048576K
}
Event: 44.128 GC heap before
{Heap before GC invocations=16 (full 3):
 PSYoungGen      total 594432K, used 591261K [0x0000000795580000, 0x00000007c0000000, 0x00000007c0000000)
  eden space 518656K, 100% used [0x0000000795580000,0x00000007b5000000,0x00000007b5000000)
  from space 75776K, 95% used [0x00000007bb600000,0x00000007bfce76b8,0x00000007c0000000)
  to   space 90112K, 0% used [0x00000007b5000000,0x00000007b5000000,0x00000007ba800000)
 ParOldGen       total 175104K, used 43056K [0x0000000740000000, 0x000000074ab00000, 0x0000000795580000)
  object space 175104K, 24% used [0x0000000740000000,0x0000000742a0c2a8,0x000000074ab00000)
 Metaspace       used 63630K, capacity 68893K, committed 69208K, reserved 1110016K
  class space    used 8281K, capacity 8983K, committed 9088K, reserved 1048576K
Event: 44.346 GC heap after
Heap after GC invocations=16 (full 3):
 PSYoungGen      total 579072K, used 60232K [0x0000000795580000, 0x00000007c0000000, 0x00000007c0000000)
  eden space 518656K, 0% used [0x0000000795580000,0x0000000795580000,0x00000007b5000000)
  from space 60416K, 99% used [0x00000007b5000000,0x00000007b8ad2028,0x00000007b8b00000)
  to   space 94208K, 0% used [0x00000007ba400000,0x00000007ba400000,0x00000007c0000000)
 ParOldGen       total 175104K, used 44306K [0x0000000740000000, 0x000000074ab00000, 0x0000000795580000)
  object space 175104K, 25% used [0x0000000740000000,0x0000000742b449c8,0x000000074ab00000)
 Metaspace       used 63630K, capacity 68893K, committed 69208K, reserved 1110016K
  class space    used 8281K, capacity 8983K, committed 9088K, reserved 1048576K
}
Event: 44.857 GC heap before
{Heap before GC invocations=17 (full 3):
 PSYoungGen      total 579072K, used 578888K [0x0000000795580000, 0x00000007c0000000, 0x00000007c0000000)
  eden space 518656K, 100% used [0x0000000795580000,0x00000007b5000000,0x00000007b5000000)
  from space 60416K, 99% used [0x00000007b5000000,0x00000007b8ad2028,0x00000007b8b00000)
  to   space 94208K, 0% used [0x00000007ba400000,0x00000007ba400000,0x00000007c0000000)
 ParOldGen       total 175104K, used 44306K [0x0000000740000000, 0x000000074ab00000, 0x0000000795580000)
  object space 175104K, 25% used [0x0000000740000000,0x0000000742b449c8,0x000000074ab00000)
 Metaspace       used 63676K, capacity 68957K, committed 69208K, reserved 1110016K
  class space    used 8296K, capacity 9006K, committed 9088K, reserved 1048576K
Event: 45.023 GC heap after
Heap after GC invocations=17 (full 3):
 PSYoungGen      total 594432K, used 67076K [0x0000000795580000, 0x00000007c0000000, 0x00000007c0000000)
  eden space 500224K, 0% used [0x0000000795580000,0x0000000795580000,0x00000007b3e00000)
  from space 94208K, 71% used [0x00000007ba400000,0x00000007be5810c0,0x00000007c0000000)
  to   space 99328K, 0% used [0x00000007b3e00000,0x00000007b3e00000,0x00000007b9f00000)
 ParOldGen       total 175104K, used 46363K [0x0000000740000000, 0x000000074ab00000, 0x0000000795580000)
  object space 175104K, 26% used [0x0000000740000000,0x0000000742d46dc0,0x000000074ab00000)
 Metaspace       used 63676K, capacity 68957K, committed 69208K, reserved 1110016K
  class space    used 8296K, capacity 9006K, committed 9088K, reserved 1048576K
}
Event: 52.822 GC heap before
{Heap before GC invocations=18 (full 3):
 PSYoungGen      total 594432K, used 567300K [0x0000000795580000, 0x00000007c0000000, 0x00000007c0000000)
  eden space 500224K, 100% used [0x0000000795580000,0x00000007b3e00000,0x00000007b3e00000)
  from space 94208K, 71% used [0x00000007ba400000,0x00000007be5810c0,0x00000007c0000000)
  to   space 99328K, 0% used [0x00000007b3e00000,0x00000007b3e00000,0x00000007b9f00000)
 ParOldGen       total 175104K, used 46363K [0x0000000740000000, 0x000000074ab00000, 0x0000000795580000)
  object space 175104K, 26% used [0x0000000740000000,0x0000000742d46dc0,0x000000074ab00000)
 Metaspace       used 66094K, capacity 71609K, committed 71768K, reserved 1112064K
  class space    used 8608K, capacity 9332K, committed 9344K, reserved 1048576K
Event: 53.305 GC heap after
Heap after GC invocations=18 (full 3):
 PSYoungGen      total 560640K, used 60346K [0x0000000795580000, 0x00000007c0000000, 0x00000007c0000000)
  eden space 500224K, 0% used [0x0000000795580000,0x0000000795580000,0x00000007b3e00000)
  from space 60416K, 99% used [0x00000007b3e00000,0x00000007b78eeb98,0x00000007b7900000)
  to   space 100864K, 0% used [0x00000007b9d80000,0x00000007b9d80000,0x00000007c0000000)
 ParOldGen       total 175104K, used 48979K [0x0000000740000000, 0x000000074ab00000, 0x0000000795580000)
  object space 175104K, 27% used [0x0000000740000000,0x0000000742fd4cf8,0x000000074ab00000)
 Metaspace       used 66094K, capacity 71609K, committed 71768K, reserved 1112064K
  class space    used 8608K, capacity 9332K, committed 9344K, reserved 1048576K
}

